# JRE version: Java(TM) SE Runtime Environment (8.0_111-b14) (build 1.8.0_111-b14)
# Java VM: Java HotSpot(TM) 64-Bit Server VM (25.111-b14 mixed mode windows-amd64 compressed oops)
Heap:
 PSYoungGen      total 205312K, used 61884K [0x00000000ecd00000, 0x00000000fa200000, 0x0000000100000000)
  eden space 193536K, 31% used [0x00000000ecd00000,0x00000000f096f3c0,0x00000000f8a00000)
  from space 11776K, 0% used [0x00000000f9680000,0x00000000f9680000,0x00000000fa200000)
  to   space 12288K, 0% used [0x00000000f8a00000,0x00000000f8a00000,0x00000000f9600000)
 ParOldGen       total 47616K, used 19939K [0x00000000c6600000, 0x00000000c9480000, 0x00000000ecd00000)
  object space 47616K, 41% used [0x00000000c6600000,0x00000000c7978ef8,0x00000000c9480000)
 Metaspace       used 21273K, capacity 21738K, committed 22064K, reserved 1069056K
  class space    used 2511K, capacity 2657K, committed 2688K, reserved 1048576K
GC Heap History (10 events):
Event: 19.360 GC heap before
{Heap before GC invocations=7 (full 0):
 PSYoungGen      total 68608K, used 66170K [0x00000000ecd00000, 0x00000000f1700000, 0x0000000100000000)
  eden space 61440K, 100% used [0x00000000ecd00000,0x00000000f0900000,0x00000000f0900000)
  from space 7168K, 66% used [0x00000000f1000000,0x00000000f149ebe0,0x00000000f1700000)
  to   space 7168K, 0% used [0x00000000f0900000,0x00000000f0900000,0x00000000f1000000)
 ParOldGen       total 39936K, used 10919K [0x00000000c6600000, 0x00000000c8d00000, 0x00000000ecd00000)
  object space 39936K, 27% used [0x00000000c6600000,0x00000000c70a9ff0,0x00000000c8d00000)
 Metaspace       used 15565K, capacity 15812K, committed 16000K, reserved 1062912K
  class space    used 1830K, capacity 1918K, committed 1920K, reserved 1048576K
Event: 19.427 GC heap after
Heap after GC invocations=7 (full 0):
 PSYoungGen      total 68608K, used 7008K [0x00000000ecd00000, 0x00000000f5500000, 0x0000000100000000)
  eden space 61440K, 0% used [0x00000000ecd00000,0x00000000ecd00000,0x00000000f0900000)
  from space 7168K, 97% used [0x00000000f0900000,0x00000000f0fd80e0,0x00000000f1000000)
  to   space 8192K, 0% used [0x00000000f4d00000,0x00000000f4d00000,0x00000000f5500000)
 ParOldGen       total 39936K, used 11456K [0x00000000c6600000, 0x00000000c8d00000, 0x00000000ecd00000)
  object space 39936K, 28% used [0x00000000c6600000,0x00000000c7130040,0x00000000c8d00000)
 Metaspace       used 15565K, capacity 15812K, committed 16000K, reserved 1062912K
  class space    used 1830K, capacity 1918K, committed 1920K, reserved 1048576K
}
Event: 21.038 GC heap before
{Heap before GC invocations=8 (full 0):
 PSYoungGen      total 68608K, used 68448K [0x00000000ecd00000, 0x00000000f5500000, 0x0000000100000000)
  eden space 61440K, 100% used [0x00000000ecd00000,0x00000000f0900000,0x00000000f0900000)
  from space 7168K, 97% used [0x00000000f0900000,0x00000000f0fd80e0,0x00000000f1000000)
  to   space 8192K, 0% used [0x00000000f4d00000,0x00000000f4d00000,0x00000000f5500000)
 ParOldGen       total 39936K, used 11456K [0x00000000c6600000, 0x00000000c8d00000, 0x00000000ecd00000)
  object space 39936K, 28% used [0x00000000c6600000,0x00000000c7130040,0x00000000c8d00000)
 Metaspace       used 15727K, capacity 15952K, committed 16000K, reserved 1062912K
  class space    used 1831K, capacity 1920K, committed 1920K, reserved 1048576K
Event: 21.130 GC heap after
Heap after GC invocations=8 (full 0):
 PSYoungGen      total 129024K, used 8192K [0x00000000ecd00000, 0x00000000f5900000, 0x0000000100000000)
  eden space 120832K, 0% used [0x00000000ecd00000,0x00000000ecd00000,0x00000000f4300000)
  from space 8192K, 100% used [0x00000000f4d00000,0x00000000f5500000,0x00000000f5500000)
  to   space 10240K, 0% used [0x00000000f4300000,0x00000000f4300000,0x00000000f4d00000)
 ParOldGen       total 39936K, used 14002K [0x00000000c6600000, 0x00000000c8d00000, 0x00000000ecd00000)
  object space 39936K, 35% used [0x00000000c6600000,0x00000000c73ac870,0x00000000c8d00000)
 Metaspace       used 15727K, capacity 15952K, committed 16000K, reserved 1062912K
  class space    used 1831K, capacity 1920K, committed 1920K, reserved 1048576K
}
Event: 26.974 GC heap before
{Heap before GC invocations=9 (full 0):
 PSYoungGen      total 129024K, used 129024K [0x00000000ecd00000, 0x00000000f5900000, 0x0000000100000000)
  eden space 120832K, 100% used [0x00000000ecd00000,0x00000000f4300000,0x00000000f4300000)
  from space 8192K, 100% used [0x00000000f4d00000,0x00000000f5500000,0x00000000f5500000)
  to   space 10240K, 0% used [0x00000000f4300000,0x00000000f4300000,0x00000000f4d00000)
 ParOldGen       total 39936K, used 14002K [0x00000000c6600000, 0x00000000c8d00000, 0x00000000ecd00000)
  object space 39936K, 35% used [0x00000000c6600000,0x00000000c73ac870,0x00000000c8d00000)
 Metaspace       used 17083K, capacity 17558K, committed 17792K, reserved 1064960K
  class space    used 1981K, capacity 2137K, committed 2176K, reserved 1048576K
Event: 27.034 GC heap after
Heap after GC invocations=9 (full 0):
 PSYoungGen      total 131072K, used 10214K [0x00000000ecd00000, 0x00000000fa300000, 0x0000000100000000)
  eden space 120832K, 0% used [0x00000000ecd00000,0x00000000ecd00000,0x00000000f4300000)
  from space 10240K, 99% used [0x00000000f4300000,0x00000000f4cf9a38,0x00000000f4d00000)
  to   space 12800K, 0% used [0x00000000f9680000,0x00000000f9680000,0x00000000fa300000)
 ParOldGen       total 39936K, used 16861K [0x00000000c6600000, 0x00000000c8d00000, 0x00000000ecd00000)
  object space 39936K, 42% used [0x00000000c6600000,0x00000000c7677630,0x00000000c8d00000)
 Metaspace       used 17083K, capacity 17558K, committed 17792K, reserved 1064960K
  class space    used 1981K, capacity 2137K, committed 2176K, reserved 1048576K
}
Event: 31.021 GC heap before
{Heap before GC invocations=10 (full 0):
 PSYoungGen      total 131072K, used 27140K [0x00000000ecd00000, 0x00000000fa300000, 0x0000000100000000)
  eden space 120832K, 14% used [0x00000000ecd00000,0x00000000edd87810,0x00000000f4300000)
  from space 10240K, 99% used [0x00000000f4300000,0x00000000f4cf9a38,0x00000000f4d00000)
  to   space 12800K, 0% used [0x00000000f9680000,0x00000000f9680000,0x00000000fa300000)
 ParOldGen       total 39936K, used 16861K [0x00000000c6600000, 0x00000000c8d00000, 0x00000000ecd00000)
  object space 39936K, 42% used [0x00000000c6600000,0x00000000c7677630,0x00000000c8d00000)
 Metaspace       used 20691K, capacity 21130K, committed 21296K, reserved 1069056K
  class space    used 2477K, capacity 2625K, committed 2688K, reserved 1048576K
Event: 31.139 GC heap after
Heap after GC invocations=10 (full 0):
 PSYoungGen      total 205312K, used 4707K [0x00000000ecd00000, 0x00000000fa200000, 0x0000000100000000)
  eden space 193536K, 0% used [0x00000000ecd00000,0x00000000ecd00000,0x00000000f8a00000)
  from space 11776K, 39% used [0x00000000f9680000,0x00000000f9b18ee8,0x00000000fa200000)
  to   space 12288K, 0% used [0x00000000f8a00000,0x00000000f8a00000,0x00000000f9600000)
 ParOldGen       total 39936K, used 21877K [0x00000000c6600000, 0x00000000c8d00000, 0x00000000ecd00000)
  object space 39936K, 54% used [0x00000000c6600000,0x00000000c7b5d630,0x00000000c8d00000)
 Metaspace       used 20691K, capacity 21130K, committed 21296K, reserved 1069056K
  class space    used 2477K, capacity 2625K, committed 2688K, reserved 1048576K
}
Event: 31.139 GC heap before
{Heap before GC invocations=11 (full 1):
 PSYoungGen      total 205312K, used 4707K [0x00000000ecd00000, 0x00000000fa200000, 0x0000000100000000)
  eden space 193536K, 0% used [0x00000000ecd00000,0x00000000ecd00000,0x00000000f8a00000)
  from space 11776K, 39% used [0x00000000f9680000,0x00000000f9b18ee8,0x00000000fa200000)
  to   space 12288K, 0% used [0x00000000f8a00000,0x00000000f8a00000,0x00000000f9600000)
 ParOldGen       total 39936K, used 21877K [0x00000000c6600000, 0x00000000c8d00000, 0x00000000ecd00000)
  object space 39936K, 54% used [0x00000000c6600000,0x00000000c7b5d630,0x00000000c8d00000)
 Metaspace       used 20691K, capacity 21130K, committed 21296K, reserved 1069056K
  class space    used 2477K, capacity 2625K, committed 2688K, reserved 1048576K
Event: 31.698 GC heap after
Heap after GC invocations=11 (full 1):
 PSYoungGen      total 205312K, used 0K [0x00000000ecd00000, 0x00000000fa200000, 0x0000000100000000)
  eden space 193536K, 0% used [0x00000000ecd00000,0x00000000ecd00000,0x00000000f8a00000)
  from space 11776K, 0% used [0x00000000f9680000,0x00000000f9680000,0x00000000fa200000)
  to   space 12288K, 0% used [0x00000000f8a00000,0x00000000f8a00000,0x00000000f9600000)
 ParOldGen       total 47616K, used 19939K [0x00000000c6600000, 0x00000000c9480000, 0x00000000ecd00000)
  object space 47616K, 41% used [0x00000000c6600000,0x00000000c7978ef8,0x00000000c9480000)
 Metaspace       used 20691K, capacity 21130K, committed 21296K, reserved 1069056K
  class space    used 2477K, capacity 2625K, committed 2688K, reserved 1048576K
}

